
> Configure project :app
WARNING: Using flatDir should be avoided because it doesn't support any meta-data formats.

> Configure project :capacitor-cordova-android-plugins
WARNING: Using flatDir should be avoided because it doesn't support any meta-data formats.
WARNING: We recommend using a newer Android Gradle plugin to use compileSdk = 35

This Android Gradle plugin (8.2.2) was tested up to compileSdk = 34.

You are strongly encouraged to update your project to use a newer
Android Gradle plugin that has been tested with compileSdk = 35.

If you are already using the latest version of the Android Gradle plugin,
you may need to wait until a newer version with support for compileSdk = 35 is available.

To suppress this warning, add/update
    android.suppressUnsupportedCompileSdk=35
to this project's gradle.properties.

> Task :clean UP-TO-DATE
> Task :app:clean
> Task :capacitor-android:clean
> Task :capacitor-cordova-android-plugins:clean
> Task :app:preBuild UP-TO-DATE
> Task :app:preDebugBuild UP-TO-DATE
> Task :app:mergeDebugNativeDebugMetadata NO-SOURCE
> Task :capacitor-android:preBuild UP-TO-DATE
> Task :capacitor-android:preDebugBuild UP-TO-DATE
> Task :app:javaPreCompileDebug
> Task :capacitor-cordova-android-plugins:preBuild UP-TO-DATE
> Task :capacitor-cordova-android-plugins:preDebugBuild UP-TO-DATE
> Task :capacitor-android:writeDebugAarMetadata
> Task :capacitor-cordova-android-plugins:writeDebugAarMetadata
> Task :app:generateDebugResValues
> Task :capacitor-android:generateDebugResValues
> Task :capacitor-android:generateDebugResources
> Task :app:checkDebugAarMetadata
> Task :capacitor-android:packageDebugResources
> Task :capacitor-cordova-android-plugins:generateDebugResValues
> Task :capacitor-cordova-android-plugins:generateDebugResources
> Task :capacitor-cordova-android-plugins:packageDebugResources
> Task :app:mapDebugSourceSetPaths
> Task :app:generateDebugResources
> Task :app:packageDebugResources
> Task :app:createDebugCompatibleScreenManifests
> Task :app:extractDeepLinksDebug
> Task :app:parseDebugLocalResources
> Task :capacitor-android:extractDeepLinksDebug
> Task :capacitor-cordova-android-plugins:extractDeepLinksDebug
> Task :capacitor-android:processDebugManifest
> Task :capacitor-cordova-android-plugins:processDebugManifest
> Task :capacitor-android:compileDebugLibraryResources
> Task :app:mergeDebugResources
> Task :capacitor-android:parseDebugLocalResources
> Task :app:processDebugMainManifest
> Task :app:processDebugManifest
> Task :capacitor-cordova-android-plugins:compileDebugLibraryResources
> Task :capacitor-android:generateDebugRFile
> Task :capacitor-android:javaPreCompileDebug
> Task :capacitor-cordova-android-plugins:parseDebugLocalResources
> Task :capacitor-cordova-android-plugins:javaPreCompileDebug
> Task :capacitor-cordova-android-plugins:generateDebugRFile

> Task :capacitor-android:compileDebugJavaWithJavac
.\gradlew.bat : Note: Some input files use 
unchecked or unsafe operations.
At line:1 char:1
+ .\gradlew.bat clean assembleDebug 
--stacktrace 2>&1 | Out-File -Encod ...
+ ~~~~~~~~~~~~~~~~~~~~~~~~~~~~~~~~~~~~~~~~~~~
~~~~~~~~
    + CategoryInfo          : NotSpecified:  
   (Note: Some inpu...afe operations.:Strin  
  g) [], RemoteException
    + FullyQualifiedErrorId : NativeCommandE 
   rror
 
Note: Recompile with -Xlint:unchecked for 
details.

> Task :capacitor-cordova-android-plugins:compileDebugJavaWithJavac NO-SOURCE
> Task :capacitor-cordova-android-plugins:bundleLibCompileToJarDebug
> Task :app:mergeDebugShaders
> Task :app:compileDebugShaders NO-SOURCE
> Task :capacitor-android:bundleLibCompileToJarDebug
> Task :app:generateDebugAssets UP-TO-DATE
> Task :capacitor-android:mergeDebugShaders
> Task :capacitor-android:compileDebugShaders NO-SOURCE
> Task :capacitor-android:generateDebugAssets UP-TO-DATE
> Task :capacitor-android:packageDebugAssets
> Task :capacitor-cordova-android-plugins:mergeDebugShaders
> Task :capacitor-cordova-android-plugins:compileDebugShaders NO-SOURCE
> Task :capacitor-cordova-android-plugins:generateDebugAssets UP-TO-DATE
> Task :capacitor-cordova-android-plugins:packageDebugAssets
> Task :app:mergeDebugAssets
> Task :app:processDebugManifestForPackage
> Task :capacitor-cordova-android-plugins:bundleLibRuntimeToJarDebug
> Task :app:desugarDebugFileDependencies
> Task :app:processDebugJavaRes NO-SOURCE
> Task :capacitor-android:processDebugJavaRes NO-SOURCE
> Task :capacitor-cordova-android-plugins:processDebugJavaRes NO-SOURCE
> Task :capacitor-android:bundleLibRuntimeToJarDebug
> Task :app:mergeDebugJniLibFolders
> Task :capacitor-android:mergeDebugJniLibFolders
> Task :app:checkDebugDuplicateClasses FAILED
> Task :app:compressDebugAssets
> Task :app:mergeDebugJavaResource
> Task :app:processDebugResources

FAILURE: Build failed with an exception.

* What went wrong:
Execution failed for task 
':app:checkDebugDuplicateClasses'.
> A failure occurred while executing com.andr
oid.build.gradle.internal.tasks.CheckDuplicat
esRunnable
   > Duplicate class 
kotlin.collections.jdk8.CollectionsJDK8Kt 
found in modules kotlin-stdlib-1.8.22 
(org.jetbrains.kotlin:kotlin-stdlib:1.8.22) 
and kotlin-stdlib-jdk8-1.6.21 (org.jetbrains.
kotlin:kotlin-stdlib-jdk8:1.6.21)
     Duplicate class kotlin.internal.jdk7.JDK
7PlatformImplementations found in modules 
kotlin-stdlib-1.8.22 
(org.jetbrains.kotlin:kotlin-stdlib:1.8.22) 
and kotlin-stdlib-jdk7-1.6.21 (org.jetbrains.
kotlin:kotlin-stdlib-jdk7:1.6.21)
     Duplicate class kotlin.internal.jdk7.JDK
7PlatformImplementations$ReflectSdkVersion 
found in modules kotlin-stdlib-1.8.22 
(org.jetbrains.kotlin:kotlin-stdlib:1.8.22) 
and kotlin-stdlib-jdk7-1.6.21 (org.jetbrains.
kotlin:kotlin-stdlib-jdk7:1.6.21)
     Duplicate class kotlin.internal.jdk8.JDK
8PlatformImplementations found in modules 
kotlin-stdlib-1.8.22 
(org.jetbrains.kotlin:kotlin-stdlib:1.8.22) 
and kotlin-stdlib-jdk8-1.6.21 (org.jetbrains.
kotlin:kotlin-stdlib-jdk8:1.6.21)
     Duplicate class kotlin.internal.jdk8.JDK
8PlatformImplementations$ReflectSdkVersion 
found in modules kotlin-stdlib-1.8.22 
(org.jetbrains.kotlin:kotlin-stdlib:1.8.22) 
and kotlin-stdlib-jdk8-1.6.21 (org.jetbrains.
kotlin:kotlin-stdlib-jdk8:1.6.21)
     Duplicate class 
kotlin.io.path.ExperimentalPathApi found in 
modules kotlin-stdlib-1.8.22 
(org.jetbrains.kotlin:kotlin-stdlib:1.8.22) 
and kotlin-stdlib-jdk7-1.6.21 (org.jetbrains.
kotlin:kotlin-stdlib-jdk7:1.6.21)
     Duplicate class 
kotlin.io.path.PathRelativizer found in 
modules kotlin-stdlib-1.8.22 
(org.jetbrains.kotlin:kotlin-stdlib:1.8.22) 
and kotlin-stdlib-jdk7-1.6.21 (org.jetbrains.
kotlin:kotlin-stdlib-jdk7:1.6.21)
     Duplicate class kotlin.io.path.PathsKt 
found in modules kotlin-stdlib-1.8.22 
(org.jetbrains.kotlin:kotlin-stdlib:1.8.22) 
and kotlin-stdlib-jdk7-1.6.21 (org.jetbrains.
kotlin:kotlin-stdlib-jdk7:1.6.21)
     Duplicate class 
kotlin.io.path.PathsKt__PathReadWriteKt 
found in modules kotlin-stdlib-1.8.22 
(org.jetbrains.kotlin:kotlin-stdlib:1.8.22) 
and kotlin-stdlib-jdk7-1.6.21 (org.jetbrains.
kotlin:kotlin-stdlib-jdk7:1.6.21)
     Duplicate class 
kotlin.io.path.PathsKt__PathUtilsKt found in 
modules kotlin-stdlib-1.8.22 
(org.jetbrains.kotlin:kotlin-stdlib:1.8.22) 
and kotlin-stdlib-jdk7-1.6.21 (org.jetbrains.
kotlin:kotlin-stdlib-jdk7:1.6.21)
     Duplicate class 
kotlin.jdk7.AutoCloseableKt found in modules 
kotlin-stdlib-1.8.22 
(org.jetbrains.kotlin:kotlin-stdlib:1.8.22) 
and kotlin-stdlib-jdk7-1.6.21 (org.jetbrains.
kotlin:kotlin-stdlib-jdk7:1.6.21)
     Duplicate class 
kotlin.jvm.jdk8.JvmRepeatableKt found in 
modules kotlin-stdlib-1.8.22 
(org.jetbrains.kotlin:kotlin-stdlib:1.8.22) 
and kotlin-stdlib-jdk8-1.6.21 (org.jetbrains.
kotlin:kotlin-stdlib-jdk8:1.6.21)
     Duplicate class 
kotlin.random.jdk8.PlatformThreadLocalRandom 
found in modules kotlin-stdlib-1.8.22 
(org.jetbrains.kotlin:kotlin-stdlib:1.8.22) 
and kotlin-stdlib-jdk8-1.6.21 (org.jetbrains.
kotlin:kotlin-stdlib-jdk8:1.6.21)
     Duplicate class 
kotlin.streams.jdk8.StreamsKt found in 
modules kotlin-stdlib-1.8.22 
(org.jetbrains.kotlin:kotlin-stdlib:1.8.22) 
and kotlin-stdlib-jdk8-1.6.21 (org.jetbrains.
kotlin:kotlin-stdlib-jdk8:1.6.21)
     Duplicate class kotlin.streams.jdk8.Stre
amsKt$asSequence$$inlined$Sequence$1 found 
in modules kotlin-stdlib-1.8.22 
(org.jetbrains.kotlin:kotlin-stdlib:1.8.22) 
and kotlin-stdlib-jdk8-1.6.21 (org.jetbrains.
kotlin:kotlin-stdlib-jdk8:1.6.21)
     Duplicate class kotlin.streams.jdk8.Stre
amsKt$asSequence$$inlined$Sequence$2 found 
in modules kotlin-stdlib-1.8.22 
(org.jetbrains.kotlin:kotlin-stdlib:1.8.22) 
and kotlin-stdlib-jdk8-1.6.21 (org.jetbrains.
kotlin:kotlin-stdlib-jdk8:1.6.21)
     Duplicate class kotlin.streams.jdk8.Stre
amsKt$asSequence$$inlined$Sequence$3 found 
in modules kotlin-stdlib-1.8.22 
(org.jetbrains.kotlin:kotlin-stdlib:1.8.22) 
and kotlin-stdlib-jdk8-1.6.21 (org.jetbrains.
kotlin:kotlin-stdlib-jdk8:1.6.21)
     Duplicate class kotlin.streams.jdk8.Stre
amsKt$asSequence$$inlined$Sequence$4 found 
in modules kotlin-stdlib-1.8.22 
(org.jetbrains.kotlin:kotlin-stdlib:1.8.22) 
and kotlin-stdlib-jdk8-1.6.21 (org.jetbrains.
kotlin:kotlin-stdlib-jdk8:1.6.21)
     Duplicate class 
kotlin.text.jdk8.RegexExtensionsJDK8Kt found 
in modules kotlin-stdlib-1.8.22 
(org.jetbrains.kotlin:kotlin-stdlib:1.8.22) 
and kotlin-stdlib-jdk8-1.6.21 (org.jetbrains.
kotlin:kotlin-stdlib-jdk8:1.6.21)
     Duplicate class 
kotlin.time.jdk8.DurationConversionsJDK8Kt 
found in modules kotlin-stdlib-1.8.22 
(org.jetbrains.kotlin:kotlin-stdlib:1.8.22) 
and kotlin-stdlib-jdk8-1.6.21 (org.jetbrains.
kotlin:kotlin-stdlib-jdk8:1.6.21)
     
     Go to the documentation to learn how to 
<a href="d.android.com/r/tools/classpath-sync
-errors">Fix dependency resolution 
errors</a>.

* Try:
> Run with --info or --debug option to get 
more log output.
> Run with --scan to get full insights.
> Get more help at https://help.gradle.org.

* Exception is:
org.gradle.api.tasks.TaskExecutionException: 
Execution failed for task 
':app:checkDebugDuplicateClasses'.
	at org.gradle.api.internal.tasks.execution.E
xecuteActionsTaskExecuter.lambda$executeIfVal
id$1(ExecuteActionsTaskExecuter.java:149)
	at org.gradle.internal.Try$Failure.ifSuccess
fulOrElse(Try.java:282)
	at org.gradle.api.internal.tasks.execution.E
xecuteActionsTaskExecuter.executeIfValid(Exec
uteActionsTaskExecuter.java:147)
	at org.gradle.api.internal.tasks.execution.E
xecuteActionsTaskExecuter.execute(ExecuteActi
onsTaskExecuter.java:135)
	at org.gradle.api.internal.tasks.execution.F
inalizePropertiesTaskExecuter.execute(Finaliz
ePropertiesTaskExecuter.java:46)
	at org.gradle.api.internal.tasks.execution.R
esolveTaskExecutionModeExecuter.execute(Resol
veTaskExecutionModeExecuter.java:51)
	at org.gradle.api.internal.tasks.execution.S
kipTaskWithNoActionsExecuter.execute(SkipTask
WithNoActionsExecuter.java:57)
	at org.gradle.api.internal.tasks.execution.S
kipOnlyIfTaskExecuter.execute(SkipOnlyIfTaskE
xecuter.java:74)
	at org.gradle.api.internal.tasks.execution.C
atchExceptionTaskExecuter.execute(CatchExcept
ionTaskExecuter.java:36)
	at org.gradle.api.internal.tasks.execution.E
ventFiringTaskExecuter$1.executeTask(EventFir
ingTaskExecuter.java:77)
	at org.gradle.api.internal.tasks.execution.E
ventFiringTaskExecuter$1.call(EventFiringTask
Executer.java:55)
	at org.gradle.api.internal.tasks.execution.E
ventFiringTaskExecuter$1.call(EventFiringTask
Executer.java:52)
	at org.gradle.internal.operations.DefaultBui
ldOperationRunner$CallableBuildOperationWorke
r.execute(DefaultBuildOperationRunner.java:20
4)
	at org.gradle.internal.operations.DefaultBui
ldOperationRunner$CallableBuildOperationWorke
r.execute(DefaultBuildOperationRunner.java:19
9)
	at org.gradle.internal.operations.DefaultBui
ldOperationRunner$2.execute(DefaultBuildOpera
tionRunner.java:66)
	at org.gradle.internal.operations.DefaultBui
ldOperationRunner$2.execute(DefaultBuildOpera
tionRunner.java:59)
	at org.gradle.internal.operations.DefaultBui
ldOperationRunner.execute(DefaultBuildOperati
onRunner.java:157)
	at org.gradle.internal.operations.DefaultBui
ldOperationRunner.execute(DefaultBuildOperati
onRunner.java:59)
	at org.gradle.internal.operations.DefaultBui
ldOperationRunner.call(DefaultBuildOperationR
unner.java:53)
	at org.gradle.internal.operations.DefaultBui
ldOperationExecutor.call(DefaultBuildOperatio
nExecutor.java:73)
	at org.gradle.api.internal.tasks.execution.E
ventFiringTaskExecuter.execute(EventFiringTas
kExecuter.java:52)
	at org.gradle.execution.plan.LocalTaskNodeEx
ecutor.execute(LocalTaskNodeExecutor.java:42)
	at org.gradle.execution.taskgraph.DefaultTas
kExecutionGraph$InvokeNodeExecutorsAction.exe
cute(DefaultTaskExecutionGraph.java:337)
	at org.gradle.execution.taskgraph.DefaultTas
kExecutionGraph$InvokeNodeExecutorsAction.exe
cute(DefaultTaskExecutionGraph.java:324)
	at org.gradle.execution.taskgraph.DefaultTas
kExecutionGraph$BuildOperationAwareExecutionA
ction.execute(DefaultTaskExecutionGraph.java:
317)
	at org.gradle.execution.taskgraph.DefaultTas
kExecutionGraph$BuildOperationAwareExecutionA
ction.execute(DefaultTaskExecutionGraph.java:
303)
	at org.gradle.execution.plan.DefaultPlanExec
utor$ExecutorWorker.execute(DefaultPlanExecut
or.java:463)
	at org.gradle.execution.plan.DefaultPlanExec
utor$ExecutorWorker.run(DefaultPlanExecutor.j
ava:380)
	at org.gradle.internal.concurrent.ExecutorPo
licy$CatchAndRecordFailures.onExecute(Executo
rPolicy.java:64)
	at org.gradle.internal.concurrent.AbstractMa
nagedExecutor$1.run(AbstractManagedExecutor.j
ava:47)
Caused by: org.gradle.workers.internal.Defaul
tWorkerExecutor$WorkExecutionException: A 
failure occurred while executing com.android.
build.gradle.internal.tasks.CheckDuplicatesRu
nnable
	at org.gradle.workers.internal.DefaultWorker
Executor$WorkItemExecution.waitForCompletion(
DefaultWorkerExecutor.java:283)
	at org.gradle.internal.work.DefaultAsyncWork
Tracker.lambda$waitForItemsAndGatherFailures$
2(DefaultAsyncWorkTracker.java:130)
	at org.gradle.internal.Factories$1.create(Fa
ctories.java:31)
	at org.gradle.internal.work.DefaultWorkerLea
seService.withoutLocks(DefaultWorkerLeaseServ
ice.java:321)
	at org.gradle.internal.work.DefaultWorkerLea
seService.withoutLocks(DefaultWorkerLeaseServ
ice.java:304)
	at org.gradle.internal.work.DefaultWorkerLea
seService.withoutLock(DefaultWorkerLeaseServi
ce.java:309)
	at org.gradle.internal.work.DefaultAsyncWork
Tracker.waitForItemsAndGatherFailures(Default
AsyncWorkTracker.java:126)
	at org.gradle.internal.work.DefaultAsyncWork
Tracker.waitForItemsAndGatherFailures(Default
AsyncWorkTracker.java:92)
	at org.gradle.internal.work.DefaultAsyncWork
Tracker.waitForAll(DefaultAsyncWorkTracker.ja
va:78)
	at org.gradle.internal.work.DefaultAsyncWork
Tracker.waitForCompletion(DefaultAsyncWorkTra
cker.java:66)
	at org.gradle.api.internal.tasks.execution.T
askExecution$3.run(TaskExecution.java:256)
	at org.gradle.internal.operations.DefaultBui
ldOperationRunner$1.execute(DefaultBuildOpera
tionRunner.java:29)
	at org.gradle.internal.operations.DefaultBui
ldOperationRunner$1.execute(DefaultBuildOpera
tionRunner.java:26)
	at org.gradle.internal.operations.DefaultBui
ldOperationRunner$2.execute(DefaultBuildOpera
tionRunner.java:66)
	at org.gradle.internal.operations.DefaultBui
ldOperationRunner$2.execute(DefaultBuildOpera
tionRunner.java:59)
	at org.gradle.internal.operations.DefaultBui
ldOperationRunner.execute(DefaultBuildOperati
onRunner.java:157)
	at org.gradle.internal.operations.DefaultBui
ldOperationRunner.execute(DefaultBuildOperati
onRunner.java:59)
	at org.gradle.internal.operations.DefaultBui
ldOperationRunner.run(DefaultBuildOperationRu
nner.java:47)
	at org.gradle.internal.operations.DefaultBui
ldOperationExecutor.run(DefaultBuildOperation
Executor.java:68)
	at org.gradle.api.internal.tasks.execution.T
askExecution.executeAction(TaskExecution.java
:233)
	at org.gradle.api.internal.tasks.execution.T
askExecution.executeActions(TaskExecution.jav
a:216)
	at org.gradle.api.internal.tasks.execution.T
askExecution.executeWithPreviousOutputFiles(T
askExecution.java:199)
	at org.gradle.api.internal.tasks.execution.T
askExecution.execute(TaskExecution.java:166)
	at org.gradle.internal.execution.steps.Execu
teStep.executeInternal(ExecuteStep.java:105)
	at org.gradle.internal.execution.steps.Execu
teStep.access$000(ExecuteStep.java:44)
	at org.gradle.internal.execution.steps.Execu
teStep$1.call(ExecuteStep.java:59)
	at org.gradle.internal.execution.steps.Execu
teStep$1.call(ExecuteStep.java:56)
	at org.gradle.internal.operations.DefaultBui
ldOperationRunner$CallableBuildOperationWorke
r.execute(DefaultBuildOperationRunner.java:20
4)
	at org.gradle.internal.operations.DefaultBui
ldOperationRunner$CallableBuildOperationWorke
r.execute(DefaultBuildOperationRunner.java:19
9)
	at org.gradle.internal.operations.DefaultBui
ldOperationRunner$2.execute(DefaultBuildOpera
tionRunner.java:66)
	at org.gradle.internal.operations.DefaultBui
ldOperationRunner$2.execute(DefaultBuildOpera
tionRunner.java:59)
	at org.gradle.internal.operations.DefaultBui
ldOperationRunner.execute(DefaultBuildOperati
onRunner.java:157)
	at org.gradle.internal.operations.DefaultBui
ldOperationRunner.execute(DefaultBuildOperati
onRunner.java:59)
	at org.gradle.internal.operations.DefaultBui
ldOperationRunner.call(DefaultBuildOperationR
unner.java:53)
	at org.gradle.internal.operations.DefaultBui
ldOperationExecutor.call(DefaultBuildOperatio
nExecutor.java:73)
	at org.gradle.internal.execution.steps.Execu
teStep.execute(ExecuteStep.java:56)
	at org.gradle.internal.execution.steps.Execu
teStep.execute(ExecuteStep.java:44)
	at org.gradle.internal.execution.steps.Remov
ePreviousOutputsStep.execute(RemovePreviousOu
tputsStep.java:67)
	at org.gradle.internal.execution.steps.Remov
ePreviousOutputsStep.execute(RemovePreviousOu
tputsStep.java:37)
	at org.gradle.internal.execution.steps.Cance
lExecutionStep.execute(CancelExecutionStep.ja
va:41)
	at org.gradle.internal.execution.steps.Timeo
utStep.executeWithoutTimeout(TimeoutStep.java
:74)
	at org.gradle.internal.execution.steps.Timeo
utStep.execute(TimeoutStep.java:55)
	at org.gradle.internal.execution.steps.Creat
eOutputsStep.execute(CreateOutputsStep.java:5
0)
	at org.gradle.internal.execution.steps.Creat
eOutputsStep.execute(CreateOutputsStep.java:2
8)
	at org.gradle.internal.execution.steps.Captu
reStateAfterExecutionStep.executeDelegateBroa
dcastingChanges(CaptureStateAfterExecutionSte
p.java:100)
	at org.gradle.internal.execution.steps.Captu
reStateAfterExecutionStep.execute(CaptureStat
eAfterExecutionStep.java:72)
	at org.gradle.internal.execution.steps.Captu
reStateAfterExecutionStep.execute(CaptureStat
eAfterExecutionStep.java:50)
	at org.gradle.internal.execution.steps.Resol
veInputChangesStep.execute(ResolveInputChange
sStep.java:40)
	at org.gradle.internal.execution.steps.Resol
veInputChangesStep.execute(ResolveInputChange
sStep.java:29)
	at org.gradle.internal.execution.steps.Build
CacheStep.executeWithoutCache(BuildCacheStep.
java:179)
	at org.gradle.internal.execution.steps.Build
CacheStep.lambda$execute$1(BuildCacheStep.jav
a:70)
	at org.gradle.internal.Either$Right.fold(Eit
her.java:175)
	at org.gradle.internal.execution.caching.Cac
hingState.fold(CachingState.java:59)
	at org.gradle.internal.execution.steps.Build
CacheStep.execute(BuildCacheStep.java:68)
	at org.gradle.internal.execution.steps.Build
CacheStep.execute(BuildCacheStep.java:46)
	at org.gradle.internal.execution.steps.Store
ExecutionStateStep.execute(StoreExecutionStat
eStep.java:36)
	at org.gradle.internal.execution.steps.Store
ExecutionStateStep.execute(StoreExecutionStat
eStep.java:25)
	at org.gradle.internal.execution.steps.Recor
dOutputsStep.execute(RecordOutputsStep.java:3
6)
	at org.gradle.internal.execution.steps.Recor
dOutputsStep.execute(RecordOutputsStep.java:2
2)
	at org.gradle.internal.execution.steps.SkipU
pToDateStep.executeBecause(SkipUpToDateStep.j
ava:91)
	at org.gradle.internal.execution.steps.SkipU
pToDateStep.lambda$execute$2(SkipUpToDateStep
.java:55)
	at org.gradle.internal.execution.steps.SkipU
pToDateStep.execute(SkipUpToDateStep.java:55)
	at org.gradle.internal.execution.steps.SkipU
pToDateStep.execute(SkipUpToDateStep.java:37)
	at org.gradle.internal.execution.steps.Resol
veChangesStep.execute(ResolveChangesStep.java
:65)
	at org.gradle.internal.execution.steps.Resol
veChangesStep.execute(ResolveChangesStep.java
:36)
	at org.gradle.internal.execution.steps.legac
y.MarkSnapshottingInputsFinishedStep.execute(
MarkSnapshottingInputsFinishedStep.java:37)
	at org.gradle.internal.execution.steps.legac
y.MarkSnapshottingInputsFinishedStep.execute(
MarkSnapshottingInputsFinishedStep.java:27)
	at org.gradle.internal.execution.steps.Resol
veCachingStateStep.execute(ResolveCachingStat
eStep.java:77)
	at org.gradle.internal.execution.steps.Resol
veCachingStateStep.execute(ResolveCachingStat
eStep.java:38)
	at org.gradle.internal.execution.steps.Valid
ateStep.execute(ValidateStep.java:94)
	at org.gradle.internal.execution.steps.Valid
ateStep.execute(ValidateStep.java:49)
	at org.gradle.internal.execution.steps.Captu
reStateBeforeExecutionStep.execute(CaptureSta
teBeforeExecutionStep.java:71)
	at org.gradle.internal.execution.steps.Captu
reStateBeforeExecutionStep.execute(CaptureSta
teBeforeExecutionStep.java:45)
	at org.gradle.internal.execution.steps.SkipE
mptyWorkStep.executeWithNonEmptySources(SkipE
mptyWorkStep.java:177)
	at org.gradle.internal.execution.steps.SkipE
mptyWorkStep.execute(SkipEmptyWorkStep.java:8
1)
	at org.gradle.internal.execution.steps.SkipE
mptyWorkStep.execute(SkipEmptyWorkStep.java:5
3)
	at org.gradle.internal.execution.steps.Remov
eUntrackedExecutionStateStep.execute(RemoveUn
trackedExecutionStateStep.java:32)
	at org.gradle.internal.execution.steps.Remov
eUntrackedExecutionStateStep.execute(RemoveUn
trackedExecutionStateStep.java:21)
	at org.gradle.internal.execution.steps.legac
y.MarkSnapshottingInputsStartedStep.execute(M
arkSnapshottingInputsStartedStep.java:38)
	at org.gradle.internal.execution.steps.LoadP
reviousExecutionStateStep.execute(LoadPreviou
sExecutionStateStep.java:36)
	at org.gradle.internal.execution.steps.LoadP
reviousExecutionStateStep.execute(LoadPreviou
sExecutionStateStep.java:23)
	at org.gradle.internal.execution.steps.Clean
upStaleOutputsStep.execute(CleanupStaleOutput
sStep.java:75)
	at org.gradle.internal.execution.steps.Clean
upStaleOutputsStep.execute(CleanupStaleOutput
sStep.java:41)
	at org.gradle.internal.execution.steps.Assig
nWorkspaceStep.lambda$execute$0(AssignWorkspa
ceStep.java:32)
	at org.gradle.api.internal.tasks.execution.T
askExecution$4.withWorkspace(TaskExecution.ja
va:293)
	at org.gradle.internal.execution.steps.Assig
nWorkspaceStep.execute(AssignWorkspaceStep.ja
va:30)
	at org.gradle.internal.execution.steps.Assig
nWorkspaceStep.execute(AssignWorkspaceStep.ja
va:21)
	at org.gradle.internal.execution.steps.Ident
ityCacheStep.execute(IdentityCacheStep.java:3
7)
	at org.gradle.internal.execution.steps.Ident
ityCacheStep.execute(IdentityCacheStep.java:2
7)
	at org.gradle.internal.execution.steps.Ident
ifyStep.execute(IdentifyStep.java:47)
	at org.gradle.internal.execution.steps.Ident
ifyStep.execute(IdentifyStep.java:34)
	at org.gradle.internal.execution.impl.Defaul
tExecutionEngine$1.execute(DefaultExecutionEn
gine.java:64)
	at org.gradle.api.internal.tasks.execution.E
xecuteActionsTaskExecuter.executeIfValid(Exec
uteActionsTaskExecuter.java:146)
	at org.gradle.api.internal.tasks.execution.E
xecuteActionsTaskExecuter.execute(ExecuteActi
onsTaskExecuter.java:135)
	at org.gradle.api.internal.tasks.execution.F
inalizePropertiesTaskExecuter.execute(Finaliz
ePropertiesTaskExecuter.java:46)
	at org.gradle.api.internal.tasks.execution.R
esolveTaskExecutionModeExecuter.execute(Resol
veTaskExecutionModeExecuter.java:51)
	at org.gradle.api.internal.tasks.execution.S
kipTaskWithNoActionsExecuter.execute(SkipTask
WithNoActionsExecuter.java:57)
	at org.gradle.api.internal.tasks.execution.S
kipOnlyIfTaskExecuter.execute(SkipOnlyIfTaskE
xecuter.java:74)
	at org.gradle.api.internal.tasks.execution.C
atchExceptionTaskExecuter.execute(CatchExcept
ionTaskExecuter.java:36)
	at org.gradle.api.internal.tasks.execution.E
ventFiringTaskExecuter$1.executeTask(EventFir
ingTaskExecuter.java:77)
	at org.gradle.api.internal.tasks.execution.E
ventFiringTaskExecuter$1.call(EventFiringTask
Executer.java:55)
	at org.gradle.api.internal.tasks.execution.E
ventFiringTaskExecuter$1.call(EventFiringTask
Executer.java:52)
	at org.gradle.internal.operations.DefaultBui
ldOperationRunner$CallableBuildOperationWorke
r.execute(DefaultBuildOperationRunner.java:20
4)
	at org.gradle.internal.operations.DefaultBui
ldOperationRunner$CallableBuildOperationWorke
r.execute(DefaultBuildOperationRunner.java:19
9)
	at org.gradle.internal.operations.DefaultBui
ldOperationRunner$2.execute(DefaultBuildOpera
tionRunner.java:66)
	at org.gradle.internal.operations.DefaultBui
ldOperationRunner$2.execute(DefaultBuildOpera
tionRunner.java:59)
	at org.gradle.internal.operations.DefaultBui
ldOperationRunner.execute(DefaultBuildOperati
onRunner.java:157)
	at org.gradle.internal.operations.DefaultBui
ldOperationRunner.execute(DefaultBuildOperati
onRunner.java:59)
	at org.gradle.internal.operations.DefaultBui
ldOperationRunner.call(DefaultBuildOperationR
unner.java:53)
	at org.gradle.internal.operations.DefaultBui
ldOperationExecutor.call(DefaultBuildOperatio
nExecutor.java:73)
	at org.gradle.api.internal.tasks.execution.E
ventFiringTaskExecuter.execute(EventFiringTas
kExecuter.java:52)
	at org.gradle.execution.plan.LocalTaskNodeEx
ecutor.execute(LocalTaskNodeExecutor.java:42)
	at org.gradle.execution.taskgraph.DefaultTas
kExecutionGraph$InvokeNodeExecutorsAction.exe
cute(DefaultTaskExecutionGraph.java:337)
	at org.gradle.execution.taskgraph.DefaultTas
kExecutionGraph$InvokeNodeExecutorsAction.exe
cute(DefaultTaskExecutionGraph.java:324)
	at org.gradle.execution.taskgraph.DefaultTas
kExecutionGraph$BuildOperationAwareExecutionA
ction.execute(DefaultTaskExecutionGraph.java:
317)
	at org.gradle.execution.taskgraph.DefaultTas
kExecutionGraph$BuildOperationAwareExecutionA
ction.execute(DefaultTaskExecutionGraph.java:
303)
	at org.gradle.execution.plan.DefaultPlanExec
utor$ExecutorWorker.execute(DefaultPlanExecut
or.java:463)
	at org.gradle.execution.plan.DefaultPlanExec
utor$ExecutorWorker.run(DefaultPlanExecutor.j
ava:380)
	at org.gradle.internal.concurrent.ExecutorPo
licy$CatchAndRecordFailures.onExecute(Executo
rPolicy.java:64)
	at org.gradle.internal.concurrent.AbstractMa
nagedExecutor$1.run(AbstractManagedExecutor.j
ava:47)
Caused by: java.lang.RuntimeException: 
Duplicate class 
kotlin.collections.jdk8.CollectionsJDK8Kt 
found in modules kotlin-stdlib-1.8.22 
(org.jetbrains.kotlin:kotlin-stdlib:1.8.22) 
and kotlin-stdlib-jdk8-1.6.21 (org.jetbrains.
kotlin:kotlin-stdlib-jdk8:1.6.21)
Duplicate class kotlin.internal.jdk7.JDK7Plat
formImplementations found in modules 
kotlin-stdlib-1.8.22 
(org.jetbrains.kotlin:kotlin-stdlib:1.8.22) 
and kotlin-stdlib-jdk7-1.6.21 (org.jetbrains.
kotlin:kotlin-stdlib-jdk7:1.6.21)
Duplicate class kotlin.internal.jdk7.JDK7Plat
formImplementations$ReflectSdkVersion found 
in modules kotlin-stdlib-1.8.22 
(org.jetbrains.kotlin:kotlin-stdlib:1.8.22) 
and kotlin-stdlib-jdk7-1.6.21 (org.jetbrains.
kotlin:kotlin-stdlib-jdk7:1.6.21)
Duplicate class kotlin.internal.jdk8.JDK8Plat
formImplementations found in modules 
kotlin-stdlib-1.8.22 
(org.jetbrains.kotlin:kotlin-stdlib:1.8.22) 
and kotlin-stdlib-jdk8-1.6.21 (org.jetbrains.
kotlin:kotlin-stdlib-jdk8:1.6.21)
Duplicate class kotlin.internal.jdk8.JDK8Plat
formImplementations$ReflectSdkVersion found 
in modules kotlin-stdlib-1.8.22 
(org.jetbrains.kotlin:kotlin-stdlib:1.8.22) 
and kotlin-stdlib-jdk8-1.6.21 (org.jetbrains.
kotlin:kotlin-stdlib-jdk8:1.6.21)
Duplicate class 
kotlin.io.path.ExperimentalPathApi found in 
modules kotlin-stdlib-1.8.22 
(org.jetbrains.kotlin:kotlin-stdlib:1.8.22) 
and kotlin-stdlib-jdk7-1.6.21 (org.jetbrains.
kotlin:kotlin-stdlib-jdk7:1.6.21)
Duplicate class 
kotlin.io.path.PathRelativizer found in 
modules kotlin-stdlib-1.8.22 
(org.jetbrains.kotlin:kotlin-stdlib:1.8.22) 
and kotlin-stdlib-jdk7-1.6.21 (org.jetbrains.
kotlin:kotlin-stdlib-jdk7:1.6.21)
Duplicate class kotlin.io.path.PathsKt found 
in modules kotlin-stdlib-1.8.22 
(org.jetbrains.kotlin:kotlin-stdlib:1.8.22) 
and kotlin-stdlib-jdk7-1.6.21 (org.jetbrains.
kotlin:kotlin-stdlib-jdk7:1.6.21)
Duplicate class 
kotlin.io.path.PathsKt__PathReadWriteKt 
found in modules kotlin-stdlib-1.8.22 
(org.jetbrains.kotlin:kotlin-stdlib:1.8.22) 
and kotlin-stdlib-jdk7-1.6.21 (org.jetbrains.
kotlin:kotlin-stdlib-jdk7:1.6.21)
Duplicate class 
kotlin.io.path.PathsKt__PathUtilsKt found in 
modules kotlin-stdlib-1.8.22 
(org.jetbrains.kotlin:kotlin-stdlib:1.8.22) 
and kotlin-stdlib-jdk7-1.6.21 (org.jetbrains.
kotlin:kotlin-stdlib-jdk7:1.6.21)
Duplicate class kotlin.jdk7.AutoCloseableKt 
found in modules kotlin-stdlib-1.8.22 
(org.jetbrains.kotlin:kotlin-stdlib:1.8.22) 
and kotlin-stdlib-jdk7-1.6.21 (org.jetbrains.
kotlin:kotlin-stdlib-jdk7:1.6.21)
Duplicate class 
kotlin.jvm.jdk8.JvmRepeatableKt found in 
modules kotlin-stdlib-1.8.22 
(org.jetbrains.kotlin:kotlin-stdlib:1.8.22) 
and kotlin-stdlib-jdk8-1.6.21 (org.jetbrains.
kotlin:kotlin-stdlib-jdk8:1.6.21)
52 actionable tasks: 51 executed, 1 up-to-date
Duplicate class 
kotlin.random.jdk8.PlatformThreadLocalRandom 
found in modules kotlin-stdlib-1.8.22 
(org.jetbrains.kotlin:kotlin-stdlib:1.8.22) 
and kotlin-stdlib-jdk8-1.6.21 (org.jetbrains.
kotlin:kotlin-stdlib-jdk8:1.6.21)
Duplicate class 
kotlin.streams.jdk8.StreamsKt found in 
modules kotlin-stdlib-1.8.22 
(org.jetbrains.kotlin:kotlin-stdlib:1.8.22) 
and kotlin-stdlib-jdk8-1.6.21 (org.jetbrains.
kotlin:kotlin-stdlib-jdk8:1.6.21)
Duplicate class kotlin.streams.jdk8.StreamsKt
$asSequence$$inlined$Sequence$1 found in 
modules kotlin-stdlib-1.8.22 
(org.jetbrains.kotlin:kotlin-stdlib:1.8.22) 
and kotlin-stdlib-jdk8-1.6.21 (org.jetbrains.
kotlin:kotlin-stdlib-jdk8:1.6.21)
Duplicate class kotlin.streams.jdk8.StreamsKt
$asSequence$$inlined$Sequence$2 found in 
modules kotlin-stdlib-1.8.22 
(org.jetbrains.kotlin:kotlin-stdlib:1.8.22) 
and kotlin-stdlib-jdk8-1.6.21 (org.jetbrains.
kotlin:kotlin-stdlib-jdk8:1.6.21)
Duplicate class kotlin.streams.jdk8.StreamsKt
$asSequence$$inlined$Sequence$3 found in 
modules kotlin-stdlib-1.8.22 
(org.jetbrains.kotlin:kotlin-stdlib:1.8.22) 
and kotlin-stdlib-jdk8-1.6.21 (org.jetbrains.
kotlin:kotlin-stdlib-jdk8:1.6.21)
Duplicate class kotlin.streams.jdk8.StreamsKt
$asSequence$$inlined$Sequence$4 found in 
modules kotlin-stdlib-1.8.22 
(org.jetbrains.kotlin:kotlin-stdlib:1.8.22) 
and kotlin-stdlib-jdk8-1.6.21 (org.jetbrains.
kotlin:kotlin-stdlib-jdk8:1.6.21)
Duplicate class 
kotlin.text.jdk8.RegexExtensionsJDK8Kt found 
in modules kotlin-stdlib-1.8.22 
(org.jetbrains.kotlin:kotlin-stdlib:1.8.22) 
and kotlin-stdlib-jdk8-1.6.21 (org.jetbrains.
kotlin:kotlin-stdlib-jdk8:1.6.21)
Duplicate class 
kotlin.time.jdk8.DurationConversionsJDK8Kt 
found in modules kotlin-stdlib-1.8.22 
(org.jetbrains.kotlin:kotlin-stdlib:1.8.22) 
and kotlin-stdlib-jdk8-1.6.21 (org.jetbrains.
kotlin:kotlin-stdlib-jdk8:1.6.21)

Go to the documentation to learn how to <a hr
ef="d.android.com/r/tools/classpath-sync-erro
rs">Fix dependency resolution errors</a>.
	at com.android.build.gradle.internal.tasks.C
heckDuplicateClassesDelegate.run(CheckDuplica
teClassesDelegate.kt:65)
	at com.android.build.gradle.internal.tasks.C
heckDuplicatesRunnable.execute(CheckDuplicate
ClassesDelegate.kt:91)
	at org.gradle.workers.internal.DefaultWorker
Server.execute(DefaultWorkerServer.java:63)
	at org.gradle.workers.internal.NoIsolationWo
rkerFactory$1$1.create(NoIsolationWorkerFacto
ry.java:66)
	at org.gradle.workers.internal.NoIsolationWo
rkerFactory$1$1.create(NoIsolationWorkerFacto
ry.java:62)
	at org.gradle.internal.classloader.ClassLoad
erUtils.executeInClassloader(ClassLoaderUtils
.java:100)
	at org.gradle.workers.internal.NoIsolationWo
rkerFactory$1.lambda$execute$0(NoIsolationWor
kerFactory.java:62)
	at org.gradle.workers.internal.AbstractWorke
r$1.call(AbstractWorker.java:44)
	at org.gradle.workers.internal.AbstractWorke
r$1.call(AbstractWorker.java:41)
	at org.gradle.internal.operations.DefaultBui
ldOperationRunner$CallableBuildOperationWorke
r.execute(DefaultBuildOperationRunner.java:20
4)
	at org.gradle.internal.operations.DefaultBui
ldOperationRunner$CallableBuildOperationWorke
r.execute(DefaultBuildOperationRunner.java:19
9)
	at org.gradle.internal.operations.DefaultBui
ldOperationRunner$2.execute(DefaultBuildOpera
tionRunner.java:66)
	at org.gradle.internal.operations.DefaultBui
ldOperationRunner$2.execute(DefaultBuildOpera
tionRunner.java:59)
	at org.gradle.internal.operations.DefaultBui
ldOperationRunner.execute(DefaultBuildOperati
onRunner.java:157)
	at org.gradle.internal.operations.DefaultBui
ldOperationRunner.execute(DefaultBuildOperati
onRunner.java:59)
	at org.gradle.internal.operations.DefaultBui
ldOperationRunner.call(DefaultBuildOperationR
unner.java:53)
	at org.gradle.internal.operations.DefaultBui
ldOperationExecutor.call(DefaultBuildOperatio
nExecutor.java:73)
	at org.gradle.workers.internal.AbstractWorke
r.executeWrappedInBuildOperation(AbstractWork
er.java:41)
	at org.gradle.workers.internal.NoIsolationWo
rkerFactory$1.execute(NoIsolationWorkerFactor
y.java:59)
	at org.gradle.workers.internal.DefaultWorker
Executor.lambda$submitWork$0(DefaultWorkerExe
cutor.java:170)
	at org.gradle.internal.work.DefaultCondition
alExecutionQueue$ExecutionRunner.runExecution
(DefaultConditionalExecutionQueue.java:187)
	at org.gradle.internal.work.DefaultCondition
alExecutionQueue$ExecutionRunner.access$700(D
efaultConditionalExecutionQueue.java:120)
	at org.gradle.internal.work.DefaultCondition
alExecutionQueue$ExecutionRunner$1.run(Defaul
tConditionalExecutionQueue.java:162)
	at org.gradle.internal.Factories$1.create(Fa
ctories.java:31)
	at org.gradle.internal.work.DefaultWorkerLea
seService.withLocks(DefaultWorkerLeaseService
.java:249)
	at org.gradle.internal.work.DefaultWorkerLea
seService.runAsWorkerThread(DefaultWorkerLeas
eService.java:109)
	at org.gradle.internal.work.DefaultWorkerLea
seService.runAsWorkerThread(DefaultWorkerLeas
eService.java:114)
	at org.gradle.internal.work.DefaultCondition
alExecutionQueue$ExecutionRunner.runBatch(Def
aultConditionalExecutionQueue.java:157)
	at org.gradle.internal.work.DefaultCondition
alExecutionQueue$ExecutionRunner.run(DefaultC
onditionalExecutionQueue.java:126)
	... 2 more


BUILD FAILED in 8s
